<?xml version="1.0" encoding="UTF-8"?>
<testsuite xmlns:xsi="http://www.w3.org/2001/XMLSchema-instance" xsi:noNamespaceSchemaLocation="https://maven.apache.org/surefire/maven-surefire-plugin/xsd/surefire-test-report-3.0.xsd" version="3.0" name="TestSuite" time="16.28" tests="5" errors="0" skipped="0" failures="0">
  <properties>
    <property name="sun.desktop" value="windows"/>
    <property name="awt.toolkit" value="sun.awt.windows.WToolkit"/>
    <property name="file.encoding.pkg" value="sun.io"/>
    <property name="java.specification.version" value="1.8"/>
    <property name="sun.cpu.isalist" value="amd64"/>
    <property name="sun.jnu.encoding" value="Cp1252"/>
    <property name="java.class.path" value="C:\Users\awesomemaster\Downloads\Modding v2\eclipse\RestAssuredAutomationProject\target\test-classes;C:\Users\awesomemaster\Downloads\Modding v2\eclipse\RestAssuredAutomationProject\target\classes;C:\Users\awesomemaster\.m2\repository\io\rest-assured\rest-assured\4.3.0\rest-assured-4.3.0.jar;C:\Users\awesomemaster\.m2\repository\org\codehaus\groovy\groovy\3.0.2\groovy-3.0.2.jar;C:\Users\awesomemaster\.m2\repository\org\codehaus\groovy\groovy-xml\3.0.2\groovy-xml-3.0.2.jar;C:\Users\awesomemaster\.m2\repository\org\apache\httpcomponents\httpclient\4.5.3\httpclient-4.5.3.jar;C:\Users\awesomemaster\.m2\repository\org\apache\httpcomponents\httpcore\4.4.6\httpcore-4.4.6.jar;C:\Users\awesomemaster\.m2\repository\commons-logging\commons-logging\1.2\commons-logging-1.2.jar;C:\Users\awesomemaster\.m2\repository\commons-codec\commons-codec\1.9\commons-codec-1.9.jar;C:\Users\awesomemaster\.m2\repository\org\apache\httpcomponents\httpmime\4.5.3\httpmime-4.5.3.jar;C:\Users\awesomemaster\.m2\repository\org\hamcrest\hamcrest\2.1\hamcrest-2.1.jar;C:\Users\awesomemaster\.m2\repository\org\ccil\cowan\tagsoup\tagsoup\1.2.1\tagsoup-1.2.1.jar;C:\Users\awesomemaster\.m2\repository\io\rest-assured\json-path\4.3.0\json-path-4.3.0.jar;C:\Users\awesomemaster\.m2\repository\org\codehaus\groovy\groovy-json\3.0.2\groovy-json-3.0.2.jar;C:\Users\awesomemaster\.m2\repository\io\rest-assured\rest-assured-common\4.3.0\rest-assured-common-4.3.0.jar;C:\Users\awesomemaster\.m2\repository\io\rest-assured\xml-path\4.3.0\xml-path-4.3.0.jar;C:\Users\awesomemaster\.m2\repository\org\apache\commons\commons-lang3\3.4\commons-lang3-3.4.jar;C:\Users\awesomemaster\.m2\repository\jakarta\xml\bind\jakarta.xml.bind-api\2.3.2\jakarta.xml.bind-api-2.3.2.jar;C:\Users\awesomemaster\.m2\repository\jakarta\activation\jakarta.activation-api\1.2.1\jakarta.activation-api-1.2.1.jar;C:\Users\awesomemaster\.m2\repository\com\sun\xml\bind\jaxb-osgi\2.3.0.1\jaxb-osgi-2.3.0.1.jar;C:\Users\awesomemaster\.m2\repository\org\apache\sling\org.apache.sling.javax.activation\0.1.0\org.apache.sling.javax.activation-0.1.0.jar;C:\Users\awesomemaster\.m2\repository\javax\activation\activation\1.1.1\activation-1.1.1.jar;C:\Users\awesomemaster\.m2\repository\org\testng\testng\7.0.0\testng-7.0.0.jar;C:\Users\awesomemaster\.m2\repository\com\beust\jcommander\1.72\jcommander-1.72.jar;C:\Users\awesomemaster\.m2\repository\com\googlecode\json-simple\json-simple\1.1.1\json-simple-1.1.1.jar;C:\Users\awesomemaster\.m2\repository\junit\junit\4.10\junit-4.10.jar;C:\Users\awesomemaster\.m2\repository\org\hamcrest\hamcrest-core\1.1\hamcrest-core-1.1.jar;C:\Users\awesomemaster\.m2\repository\com\fasterxml\jackson\core\jackson-databind\2.9.5\jackson-databind-2.9.5.jar;C:\Users\awesomemaster\.m2\repository\com\fasterxml\jackson\core\jackson-annotations\2.9.0\jackson-annotations-2.9.0.jar;C:\Users\awesomemaster\.m2\repository\com\fasterxml\jackson\core\jackson-core\2.9.5\jackson-core-2.9.5.jar;"/>
    <property name="java.vm.vendor" value="Oracle Corporation"/>
    <property name="sun.arch.data.model" value="64"/>
    <property name="user.variant" value=""/>
    <property name="java.vendor.url" value="http://java.oracle.com/"/>
    <property name="user.timezone" value="America/New_York"/>
    <property name="java.vm.specification.version" value="1.8"/>
    <property name="os.name" value="Windows 10"/>
    <property name="user.country" value="US"/>
    <property name="sun.java.launcher" value="SUN_STANDARD"/>
    <property name="sun.boot.library.path" value="C:\Program Files\Java\jdk1.8.0_181\jre\bin"/>
    <property name="sun.java.command" value="C:\Users\awesomemaster\AppData\Local\Temp\surefire8571440051915132311\surefirebooter2701717027217892293.jar C:\Users\awesomemaster\AppData\Local\Temp\surefire8571440051915132311 2021-10-05T17-26-35_274-jvmRun1 surefire6511528098849784804tmp surefire_02729004489610433782tmp"/>
    <property name="surefire.test.class.path" value="C:\Users\awesomemaster\Downloads\Modding v2\eclipse\RestAssuredAutomationProject\target\test-classes;C:\Users\awesomemaster\Downloads\Modding v2\eclipse\RestAssuredAutomationProject\target\classes;C:\Users\awesomemaster\.m2\repository\io\rest-assured\rest-assured\4.3.0\rest-assured-4.3.0.jar;C:\Users\awesomemaster\.m2\repository\org\codehaus\groovy\groovy\3.0.2\groovy-3.0.2.jar;C:\Users\awesomemaster\.m2\repository\org\codehaus\groovy\groovy-xml\3.0.2\groovy-xml-3.0.2.jar;C:\Users\awesomemaster\.m2\repository\org\apache\httpcomponents\httpclient\4.5.3\httpclient-4.5.3.jar;C:\Users\awesomemaster\.m2\repository\org\apache\httpcomponents\httpcore\4.4.6\httpcore-4.4.6.jar;C:\Users\awesomemaster\.m2\repository\commons-logging\commons-logging\1.2\commons-logging-1.2.jar;C:\Users\awesomemaster\.m2\repository\commons-codec\commons-codec\1.9\commons-codec-1.9.jar;C:\Users\awesomemaster\.m2\repository\org\apache\httpcomponents\httpmime\4.5.3\httpmime-4.5.3.jar;C:\Users\awesomemaster\.m2\repository\org\hamcrest\hamcrest\2.1\hamcrest-2.1.jar;C:\Users\awesomemaster\.m2\repository\org\ccil\cowan\tagsoup\tagsoup\1.2.1\tagsoup-1.2.1.jar;C:\Users\awesomemaster\.m2\repository\io\rest-assured\json-path\4.3.0\json-path-4.3.0.jar;C:\Users\awesomemaster\.m2\repository\org\codehaus\groovy\groovy-json\3.0.2\groovy-json-3.0.2.jar;C:\Users\awesomemaster\.m2\repository\io\rest-assured\rest-assured-common\4.3.0\rest-assured-common-4.3.0.jar;C:\Users\awesomemaster\.m2\repository\io\rest-assured\xml-path\4.3.0\xml-path-4.3.0.jar;C:\Users\awesomemaster\.m2\repository\org\apache\commons\commons-lang3\3.4\commons-lang3-3.4.jar;C:\Users\awesomemaster\.m2\repository\jakarta\xml\bind\jakarta.xml.bind-api\2.3.2\jakarta.xml.bind-api-2.3.2.jar;C:\Users\awesomemaster\.m2\repository\jakarta\activation\jakarta.activation-api\1.2.1\jakarta.activation-api-1.2.1.jar;C:\Users\awesomemaster\.m2\repository\com\sun\xml\bind\jaxb-osgi\2.3.0.1\jaxb-osgi-2.3.0.1.jar;C:\Users\awesomemaster\.m2\repository\org\apache\sling\org.apache.sling.javax.activation\0.1.0\org.apache.sling.javax.activation-0.1.0.jar;C:\Users\awesomemaster\.m2\repository\javax\activation\activation\1.1.1\activation-1.1.1.jar;C:\Users\awesomemaster\.m2\repository\org\testng\testng\7.0.0\testng-7.0.0.jar;C:\Users\awesomemaster\.m2\repository\com\beust\jcommander\1.72\jcommander-1.72.jar;C:\Users\awesomemaster\.m2\repository\com\googlecode\json-simple\json-simple\1.1.1\json-simple-1.1.1.jar;C:\Users\awesomemaster\.m2\repository\junit\junit\4.10\junit-4.10.jar;C:\Users\awesomemaster\.m2\repository\org\hamcrest\hamcrest-core\1.1\hamcrest-core-1.1.jar;C:\Users\awesomemaster\.m2\repository\com\fasterxml\jackson\core\jackson-databind\2.9.5\jackson-databind-2.9.5.jar;C:\Users\awesomemaster\.m2\repository\com\fasterxml\jackson\core\jackson-annotations\2.9.0\jackson-annotations-2.9.0.jar;C:\Users\awesomemaster\.m2\repository\com\fasterxml\jackson\core\jackson-core\2.9.5\jackson-core-2.9.5.jar;"/>
    <property name="sun.cpu.endian" value="little"/>
    <property name="user.home" value="C:\Users\awesomemaster"/>
    <property name="user.language" value="en"/>
    <property name="java.specification.vendor" value="Oracle Corporation"/>
    <property name="java.home" value="C:\Program Files\Java\jdk1.8.0_181\jre"/>
    <property name="basedir" value="C:\Users\awesomemaster\Downloads\Modding v2\eclipse\RestAssuredAutomationProject"/>
    <property name="file.separator" value="\"/>
    <property name="line.separator" value="&#10;"/>
    <property name="java.vm.specification.vendor" value="Oracle Corporation"/>
    <property name="java.specification.name" value="Java Platform API Specification"/>
    <property name="java.awt.graphicsenv" value="sun.awt.Win32GraphicsEnvironment"/>
    <property name="surefire.real.class.path" value="C:\Users\awesomemaster\AppData\Local\Temp\surefire8571440051915132311\surefirebooter2701717027217892293.jar"/>
    <property name="sun.boot.class.path" value="C:\Program Files\Java\jdk1.8.0_181\jre\lib\resources.jar;C:\Program Files\Java\jdk1.8.0_181\jre\lib\rt.jar;C:\Program Files\Java\jdk1.8.0_181\jre\lib\sunrsasign.jar;C:\Program Files\Java\jdk1.8.0_181\jre\lib\jsse.jar;C:\Program Files\Java\jdk1.8.0_181\jre\lib\jce.jar;C:\Program Files\Java\jdk1.8.0_181\jre\lib\charsets.jar;C:\Program Files\Java\jdk1.8.0_181\jre\lib\jfr.jar;C:\Program Files\Java\jdk1.8.0_181\jre\classes"/>
    <property name="user.script" value=""/>
    <property name="sun.management.compiler" value="HotSpot 64-Bit Tiered Compilers"/>
    <property name="java.runtime.version" value="1.8.0_181-b13"/>
    <property name="user.name" value="awesomemaster"/>
    <property name="path.separator" value=";"/>
    <property name="os.version" value="10.0"/>
    <property name="java.endorsed.dirs" value="C:\Program Files\Java\jdk1.8.0_181\jre\lib\endorsed"/>
    <property name="java.runtime.name" value="Java(TM) SE Runtime Environment"/>
    <property name="file.encoding" value="Cp1252"/>
    <property name="java.vm.name" value="Java HotSpot(TM) 64-Bit Server VM"/>
    <property name="localRepository" value="C:\Users\awesomemaster\.m2\repository"/>
    <property name="java.vendor.url.bug" value="http://bugreport.sun.com/bugreport/"/>
    <property name="java.io.tmpdir" value="C:\Users\AWESOM~1\AppData\Local\Temp\"/>
    <property name="java.version" value="1.8.0_181"/>
    <property name="user.dir" value="C:\Users\awesomemaster\Downloads\Modding v2\eclipse\RestAssuredAutomationProject"/>
    <property name="os.arch" value="amd64"/>
    <property name="java.vm.specification.name" value="Java Virtual Machine Specification"/>
    <property name="java.awt.printerjob" value="sun.awt.windows.WPrinterJob"/>
    <property name="sun.os.patch.level" value=""/>
    <property name="java.library.path" value="C:\Program Files\Java\jdk1.8.0_181\jre\bin;C:\WINDOWS\Sun\Java\bin;C:\WINDOWS\system32;C:\WINDOWS;C:\Program Files (x86)\Common Files\Oracle\Java\javapath;C:\Program Files (x86)\HP\NV\lib\shunra\vcat;C:\ProgramData\Oracle\Java\javapath;C:\Program Files (x86)\Intel\iCLS Client\;C:\Program Files\Intel\iCLS Client\;C:\WINDOWS\system32;C:\WINDOWS;C:\WINDOWS\System32\Wbem;C:\WINDOWS\System32\WindowsPowerShell\v1.0\;C:\Program Files\Intel\Intel(R) Management Engine Components\DAL;C:\Program Files\Intel\Intel(R) Management Engine Components\IPT;C:\Program Files (x86)\Intel\Intel(R) Management Engine Components\DAL;C:\Program Files (x86)\Intel\Intel(R) Management Engine Components\IPT;C:\Program Files\ThinkPad\Bluetooth Software\;C:\Program Files\ThinkPad\Bluetooth Software\syswow64;C:\Program Files\Diskeeper Corporation\ExpressCache\;C:\Program Files (x86)\Intel\OpenCL SDK\2.0\bin\x86;C:\Program Files (x86)\Intel\OpenCL SDK\2.0\bin\x64;C:\ProgramData\Lenovo\ReadyApps;C:\Program Files\Intel\WiFi\bin\;C:\Program Files\Common Files\Intel\WirelessCommon\;C:\Program Files (x86)\Windows Live\Shared;C:\nagesh\tech\full-stack\scala\bin;C:\WINDOWS\System32\OpenSSH\;C:\Program Files (x86)\HP\NV\lib\thirdparty\safenet\LDK\7.0;C:\Program Files (x86)\HP\NV\lib\shunra\snv;C:\apache_maven\apache-maven-3.6.0\bin;C:\Program Files\PuTTY\;C:\Program Files\Git\cmd;C:\Program Files\Java\jdk1.8.0_181\bin;C:\Program Files\nodejs\;C:\Program Files\Java\jdk1.8.0_181\bin;C:\Users\awesomemaster\AppData\Local\Android\Sdk\platform-tools;C:\Users\awesomemaster\AppData\Local\Android\Sdk\tools;C:\Users\awesomemaster\AppData\Local\Programs\Python\Python39;C:\Users\awesomemaster\AppData\Local\Programs\Python\Python39\Scripts;C:\Users\awesomemaster\Downloads\gradle-5.6.2-bin.zip\gradle-5.6.2\bin;C:\nagesh\tech\cmake\bin;C:\Program Files\CMake\bin;C:\nagesh\tech\full-stack\hadoop-2.7.1\bin;C:\Program Files\Java\jre1.8.0_131\bin;C:\nagesh\tech\full-stack\spark\spark-2.1.1-bin-hadoop2.7\bin;C:\nagesh\tech\full-stack\scala\bin;C:\Users\awesomemaster\AppData\Local\Microsoft\WindowsApps;C:\Users\awesomemaster\AppData\Local\atom\bin;C:\Users\awesomemaster\AppData\Roaming\npm;C:\Users\awesomemaster\AppData\Local\Microsoft\WindowsApps;C:\Program Files\Java\jdk1.8.0_181\bin;C:\Program Files\Intel\WiFi\bin\;C:\Program Files\Common Files\Intel\WirelessCommon\;."/>
    <property name="java.vm.info" value="mixed mode"/>
    <property name="java.vendor" value="Oracle Corporation"/>
    <property name="java.vm.version" value="25.181-b13"/>
    <property name="java.ext.dirs" value="C:\Program Files\Java\jdk1.8.0_181\jre\lib\ext;C:\WINDOWS\Sun\Java\lib\ext"/>
    <property name="sun.io.unicode.encoding" value="UnicodeLittle"/>
    <property name="java.class.version" value="52.0"/>
  </properties>
  <testcase name="test_getAllVideoGames" classname="VideoGameAPI.TC_VideoGameAPI" time="6.878"/>
  <testcase name="test_addNewVideoGame" classname="VideoGameAPI.TC_VideoGameAPI" time="1.473">
    <system-out><![CDATA[{"status": "Record Added Successfully"}
]]></system-out>
    <system-err><![CDATA[[Fatal Error] :1:1: Content is not allowed in prolog.
]]></system-err>
  </testcase>
  <testcase name="test_getSingleGameId" classname="VideoGameAPI.TC_VideoGameAPI" time="2.29">
    <system-out><![CDATA[<videoGame category="Adventure" rating="Universal">
  <id>100</id>
  <name>awesomemaster</name>
  <releaseDate>2021-10-05T00:00:00-04:00</releaseDate>
  <reviewScore>5</reviewScore>
</videoGame>
]]></system-out>
  </testcase>
  <testcase name="test_updateRecord" classname="VideoGameAPI.TC_VideoGameAPI" time="0.22">
    <system-out><![CDATA[<videoGame category="Adventure" rating="Universal">
  <id>100</id>
  <name>chandelier</name>
  <releaseDate>2021-10-05T00:00:00-04:00</releaseDate>
  <reviewScore>7</reviewScore>
</videoGame>
]]></system-out>
  </testcase>
  <testcase name="test_deleteSingleVideoGame" classname="VideoGameAPI.TC_VideoGameAPI" time="3.052">
    <system-out><![CDATA[{"status": "Record Deleted Successfully"}
]]></system-out>
    <system-err><![CDATA[[Fatal Error] :1:1: Content is not allowed in prolog.
]]></system-err>
  </testcase>
</testsuite>