<?xml version="1.0" encoding="UTF-8"?>
<!-- Generated by org.testng.reporters.JUnitReportReporter -->
<testsuite skipped="0" hostname="Moms_Laptop" name="PutPatchDeleteMethodExample" tests="3" failures="0" timestamp="12 Aug 2021 03:40:53 GMT" time="7.941" errors="0">
  <testcase name="testPatch" time="0.704" classname="PutPatchDeleteMethodExample"/>
  <testcase name="testPut" time="0.416" classname="PutPatchDeleteMethodExample"/>
  <testcase name="testDelete" time="6.821" classname="PutPatchDeleteMethodExample"/>
</testsuite> <!-- PutPatchDeleteMethodExample -->
