<?xml version="1.0" encoding="UTF-8"?>
<!-- Generated by org.testng.reporters.JUnitReportReporter -->
<testsuite skipped="0" hostname="Moms_Laptop" name="Test01_GET" tests="2" failures="0" timestamp="09 Aug 2021 03:00:19 GMT" time="12.488" errors="0">
  <testcase name="test_01" time="8.509" classname="Test01_GET"/>
  <testcase name="test_02" time="3.979" classname="Test01_GET"/>
</testsuite> <!-- Test01_GET -->
