<?xml version="1.0" encoding="UTF-8"?>
<!-- Generated by org.testng.reporters.JUnitReportReporter -->
<testsuite skipped="0" hostname="Moms_Laptop" name="TC_VideoGameAPI" tests="1" failures="0" timestamp="05 Oct 2021 16:17:07 GMT" time="5.725" errors="0">
  <testcase name="test_getAllVideoGames" time="5.725" classname="TC_VideoGameAPI"/>
</testsuite> <!-- TC_VideoGameAPI -->
