<?xml version="1.0" encoding="UTF-8"?>
<!-- Generated by org.testng.reporters.JUnitReportReporter -->
<testsuite skipped="0" hostname="Moms_Laptop" name="GetAndPostMethodExample" tests="1" failures="0" timestamp="12 Aug 2021 03:15:45 GMT" time="7.816" errors="0">
  <testcase name="testPost" time="7.816" classname="GetAndPostMethodExample"/>
</testsuite> <!-- GetAndPostMethodExample -->
